/media/luka/HDD/solo12/src/ftn_solo/install/ftn_solo/lib/python3.12/site-packages/ftn_solo/__init__.py
/media/luka/HDD/solo12/src/ftn_solo/install/ftn_solo/lib/python3.12/site-packages/ftn_solo/visualize.py
/media/luka/HDD/solo12/src/ftn_solo/install/ftn_solo/lib/python3.12/site-packages/ftn_solo/connector.py
/media/luka/HDD/solo12/src/ftn_solo/install/ftn_solo/lib/python3.12/site-packages/ftn_solo/controllers/__init__.py
/media/luka/HDD/solo12/src/ftn_solo/install/ftn_solo/lib/python3.12/site-packages/ftn_solo/controllers/pd.py
/media/luka/HDD/solo12/src/ftn_solo/install/ftn_solo/lib/python3.12/site-packages/ftn_solo/controllers/lqr_i_pd.py
/media/luka/HDD/solo12/src/ftn_solo/install/ftn_solo/lib/python3.12/site-packages/ftn_solo/tasks/task_base.py
/media/luka/HDD/solo12/src/ftn_solo/install/ftn_solo/lib/python3.12/site-packages/ftn_solo/tasks/__init__.py
/media/luka/HDD/solo12/src/ftn_solo/install/ftn_solo/lib/python3.12/site-packages/ftn_solo/tasks/task_joint_spline.py
/media/luka/HDD/solo12/src/ftn_solo/install/ftn_solo/lib/python3.12/site-packages/ftn_solo/utils/__init__.py
/media/luka/HDD/solo12/src/ftn_solo/install/ftn_solo/lib/python3.12/site-packages/ftn_solo/utils/visualization_utils.py
/media/luka/HDD/solo12/src/ftn_solo/install/ftn_solo/lib/python3.12/site-packages/ftn_solo/utils/bullet_env.py
/media/luka/HDD/solo12/src/ftn_solo/install/ftn_solo/lib/python3.12/site-packages/ftn_solo/utils/types.py
/media/luka/HDD/solo12/src/ftn_solo/install/ftn_solo/lib/python3.12/site-packages/ftn_solo/__pycache__/__init__.cpython-312.pyc
/media/luka/HDD/solo12/src/ftn_solo/install/ftn_solo/lib/python3.12/site-packages/ftn_solo/__pycache__/visualize.cpython-312.pyc
/media/luka/HDD/solo12/src/ftn_solo/install/ftn_solo/lib/python3.12/site-packages/ftn_solo/__pycache__/connector.cpython-312.pyc
/media/luka/HDD/solo12/src/ftn_solo/install/ftn_solo/lib/python3.12/site-packages/ftn_solo/controllers/__pycache__/__init__.cpython-312.pyc
/media/luka/HDD/solo12/src/ftn_solo/install/ftn_solo/lib/python3.12/site-packages/ftn_solo/controllers/__pycache__/pd.cpython-312.pyc
/media/luka/HDD/solo12/src/ftn_solo/install/ftn_solo/lib/python3.12/site-packages/ftn_solo/controllers/__pycache__/lqr_i_pd.cpython-312.pyc
/media/luka/HDD/solo12/src/ftn_solo/install/ftn_solo/lib/python3.12/site-packages/ftn_solo/tasks/__pycache__/task_base.cpython-312.pyc
/media/luka/HDD/solo12/src/ftn_solo/install/ftn_solo/lib/python3.12/site-packages/ftn_solo/tasks/__pycache__/__init__.cpython-312.pyc
/media/luka/HDD/solo12/src/ftn_solo/install/ftn_solo/lib/python3.12/site-packages/ftn_solo/tasks/__pycache__/task_joint_spline.cpython-312.pyc
/media/luka/HDD/solo12/src/ftn_solo/install/ftn_solo/lib/python3.12/site-packages/ftn_solo/utils/__pycache__/__init__.cpython-312.pyc
/media/luka/HDD/solo12/src/ftn_solo/install/ftn_solo/lib/python3.12/site-packages/ftn_solo/utils/__pycache__/visualization_utils.cpython-312.pyc
/media/luka/HDD/solo12/src/ftn_solo/install/ftn_solo/lib/python3.12/site-packages/ftn_solo/utils/__pycache__/bullet_env.cpython-312.pyc
/media/luka/HDD/solo12/src/ftn_solo/install/ftn_solo/lib/python3.12/site-packages/ftn_solo/utils/__pycache__/types.cpython-312.pyc
/media/luka/HDD/solo12/src/ftn_solo/install/ftn_solo/share/ament_index/resource_index/packages/ftn_solo
/media/luka/HDD/solo12/src/ftn_solo/install/ftn_solo/share/ftn_solo/package.xml
/media/luka/HDD/solo12/src/ftn_solo/install/ftn_solo/share/ftn_solo/robot_launch.py
/media/luka/HDD/solo12/src/ftn_solo/install/ftn_solo/share/ftn_solo/config/rviz/robot.rviz
/media/luka/HDD/solo12/src/ftn_solo/install/ftn_solo/share/ftn_solo/config/tasks/eurobot_demo.yaml
/media/luka/HDD/solo12/src/ftn_solo/install/ftn_solo/share/ftn_solo/config/tasks/dve_noge.yaml
/media/luka/HDD/solo12/src/ftn_solo/install/ftn_solo/lib/python3.12/site-packages/ftn_solo-0.1.0-py3.12.egg-info/entry_points.txt
/media/luka/HDD/solo12/src/ftn_solo/install/ftn_solo/lib/python3.12/site-packages/ftn_solo-0.1.0-py3.12.egg-info/requires.txt
/media/luka/HDD/solo12/src/ftn_solo/install/ftn_solo/lib/python3.12/site-packages/ftn_solo-0.1.0-py3.12.egg-info/zip-safe
/media/luka/HDD/solo12/src/ftn_solo/install/ftn_solo/lib/python3.12/site-packages/ftn_solo-0.1.0-py3.12.egg-info/dependency_links.txt
/media/luka/HDD/solo12/src/ftn_solo/install/ftn_solo/lib/python3.12/site-packages/ftn_solo-0.1.0-py3.12.egg-info/top_level.txt
/media/luka/HDD/solo12/src/ftn_solo/install/ftn_solo/lib/python3.12/site-packages/ftn_solo-0.1.0-py3.12.egg-info/SOURCES.txt
/media/luka/HDD/solo12/src/ftn_solo/install/ftn_solo/lib/python3.12/site-packages/ftn_solo-0.1.0-py3.12.egg-info/PKG-INFO
/media/luka/HDD/solo12/src/ftn_solo/install/ftn_solo/lib/ftn_solo/connector_node
/media/luka/HDD/solo12/src/ftn_solo/install/ftn_solo/lib/ftn_solo/simulation_node
