[0.159s] DEBUG:colcon:Command line arguments: ['/usr/bin/colcon', 'build']
[0.159s] DEBUG:colcon:Parsed command line arguments: Namespace(log_base=None, log_level=None, verb_name='build', build_base='build', install_base='install', merge_install=False, symlink_install=False, test_result_base=None, continue_on_error=False, executor='parallel', parallel_workers=12, event_handlers=None, ignore_user_meta=False, metas=['./colcon.meta'], base_paths=['.'], packages_ignore=None, packages_ignore_regex=None, paths=None, packages_up_to=None, packages_up_to_regex=None, packages_above=None, packages_above_and_dependencies=None, packages_above_depth=None, packages_select_by_dep=None, packages_skip_by_dep=None, packages_skip_up_to=None, packages_select_build_failed=False, packages_skip_build_finished=False, packages_select_test_failures=False, packages_skip_test_passed=False, packages_select=None, packages_skip=None, packages_select_regex=None, packages_skip_regex=None, packages_start=None, packages_end=None, allow_overriding=[], cmake_args=None, cmake_target=None, cmake_target_skip_unavailable=False, cmake_clean_cache=False, cmake_clean_first=False, cmake_force_configure=False, ament_cmake_args=None, catkin_cmake_args=None, catkin_skip_building_tests=False, mixin_files=None, mixin=None, verb_parser=<colcon_mixin.mixin.mixin_argument.MixinArgumentDecorator object at 0x7253e6367b30>, verb_extension=<colcon_core.verb.build.BuildVerb object at 0x7253e6367830>, main=<bound method BuildVerb.main of <colcon_core.verb.build.BuildVerb object at 0x7253e6367830>>, mixin_verb=('build',))
[0.200s] Level 1:colcon.colcon_core.package_discovery:discover_packages(colcon_meta) check parameters
[0.200s] Level 1:colcon.colcon_core.package_discovery:discover_packages(recursive) check parameters
[0.200s] Level 1:colcon.colcon_core.package_discovery:discover_packages(ignore) check parameters
[0.200s] Level 1:colcon.colcon_core.package_discovery:discover_packages(path) check parameters
[0.200s] Level 1:colcon.colcon_core.package_discovery:discover_packages(colcon_meta) discover
[0.200s] Level 1:colcon.colcon_core.package_discovery:discover_packages(recursive) discover
[0.200s] INFO:colcon.colcon_core.package_discovery:Crawling recursively for packages in '/media/luka/HDD/solo12/src/ftn_solo'
[0.200s] Level 1:colcon.colcon_core.package_identification:_identify(.) by extensions ['ignore', 'ignore_ament_install']
[0.200s] Level 1:colcon.colcon_core.package_identification:_identify(.) by extension 'ignore'
[0.200s] Level 1:colcon.colcon_core.package_identification:_identify(.) by extension 'ignore_ament_install'
[0.200s] Level 1:colcon.colcon_core.package_identification:_identify(.) by extensions ['colcon_pkg']
[0.200s] Level 1:colcon.colcon_core.package_identification:_identify(.) by extension 'colcon_pkg'
[0.200s] Level 1:colcon.colcon_core.package_identification:_identify(.) by extensions ['colcon_meta']
[0.200s] Level 1:colcon.colcon_core.package_identification:_identify(.) by extension 'colcon_meta'
[0.200s] Level 1:colcon.colcon_core.package_identification:_identify(.) by extensions ['ros']
[0.200s] Level 1:colcon.colcon_core.package_identification:_identify(.) by extension 'ros'
[0.231s] DEBUG:colcon.colcon_core.package_identification:Package '.' with type 'ros.ament_python' and name 'ftn_solo'
[0.232s] Level 1:colcon.colcon_core.package_discovery:discover_packages(recursive) using defaults
[0.232s] Level 1:colcon.colcon_core.package_discovery:discover_packages(ignore) discover
[0.232s] Level 1:colcon.colcon_core.package_discovery:discover_packages(ignore) using defaults
[0.232s] Level 1:colcon.colcon_core.package_discovery:discover_packages(path) discover
[0.232s] Level 1:colcon.colcon_core.package_discovery:discover_packages(path) using defaults
[0.253s] Level 1:colcon.colcon_core.package_discovery:discover_packages(prefix_path) check parameters
[0.253s] Level 1:colcon.colcon_core.package_discovery:discover_packages(prefix_path) discover
[0.259s] DEBUG:colcon.colcon_installed_package_information.package_discovery:Found 308 installed packages in /opt/ros/jazzy
[0.261s] Level 1:colcon.colcon_core.package_discovery:discover_packages(prefix_path) using defaults
[0.319s] Level 5:colcon.colcon_core.verb:set package 'ftn_solo' build argument 'cmake_args' from command line to 'None'
[0.319s] Level 5:colcon.colcon_core.verb:set package 'ftn_solo' build argument 'cmake_target' from command line to 'None'
[0.319s] Level 5:colcon.colcon_core.verb:set package 'ftn_solo' build argument 'cmake_target_skip_unavailable' from command line to 'False'
[0.319s] Level 5:colcon.colcon_core.verb:set package 'ftn_solo' build argument 'cmake_clean_cache' from command line to 'False'
[0.319s] Level 5:colcon.colcon_core.verb:set package 'ftn_solo' build argument 'cmake_clean_first' from command line to 'False'
[0.319s] Level 5:colcon.colcon_core.verb:set package 'ftn_solo' build argument 'cmake_force_configure' from command line to 'False'
[0.319s] Level 5:colcon.colcon_core.verb:set package 'ftn_solo' build argument 'ament_cmake_args' from command line to 'None'
[0.319s] Level 5:colcon.colcon_core.verb:set package 'ftn_solo' build argument 'catkin_cmake_args' from command line to 'None'
[0.319s] Level 5:colcon.colcon_core.verb:set package 'ftn_solo' build argument 'catkin_skip_building_tests' from command line to 'False'
[0.319s] DEBUG:colcon.colcon_core.verb:Building package 'ftn_solo' with the following arguments: {'ament_cmake_args': None, 'build_base': '/media/luka/HDD/solo12/src/ftn_solo/build/ftn_solo', 'catkin_cmake_args': None, 'catkin_skip_building_tests': False, 'cmake_args': None, 'cmake_clean_cache': False, 'cmake_clean_first': False, 'cmake_force_configure': False, 'cmake_target': None, 'cmake_target_skip_unavailable': False, 'install_base': '/media/luka/HDD/solo12/src/ftn_solo/install/ftn_solo', 'merge_install': False, 'path': '/media/luka/HDD/solo12/src/ftn_solo', 'symlink_install': False, 'test_result_base': None}
[0.319s] INFO:colcon.colcon_core.executor:Executing jobs using 'parallel' executor
[0.320s] DEBUG:colcon.colcon_parallel_executor.executor.parallel:run_until_complete
[0.320s] INFO:colcon.colcon_ros.task.ament_python.build:Building ROS package in '/media/luka/HDD/solo12/src/ftn_solo' with build type 'ament_python'
[0.320s] Level 1:colcon.colcon_core.shell:create_environment_hook('ftn_solo', 'ament_prefix_path')
[0.326s] INFO:colcon.colcon_core.plugin_system:Skipping extension 'colcon_core.shell.bat': Not used on non-Windows systems
[0.327s] INFO:colcon.colcon_core.shell:Creating environment hook '/media/luka/HDD/solo12/src/ftn_solo/install/ftn_solo/share/ftn_solo/hook/ament_prefix_path.ps1'
[0.328s] INFO:colcon.colcon_core.shell:Creating environment descriptor '/media/luka/HDD/solo12/src/ftn_solo/install/ftn_solo/share/ftn_solo/hook/ament_prefix_path.dsv'
[0.328s] INFO:colcon.colcon_core.shell:Creating environment hook '/media/luka/HDD/solo12/src/ftn_solo/install/ftn_solo/share/ftn_solo/hook/ament_prefix_path.sh'
[0.329s] INFO:colcon.colcon_core.shell:Skip shell extension 'powershell' for command environment: Not usable outside of PowerShell
[0.329s] DEBUG:colcon.colcon_core.shell:Skip shell extension 'dsv' for command environment
[0.614s] INFO:colcon.colcon_core.task.python.build:Building Python package in '/media/luka/HDD/solo12/src/ftn_solo'
[0.615s] INFO:colcon.colcon_core.shell:Skip shell extension 'powershell' for command environment: Not usable outside of PowerShell
[0.615s] DEBUG:colcon.colcon_core.shell:Skip shell extension 'dsv' for command environment
[1.754s] DEBUG:colcon.colcon_core.event_handler.log_command:Invoking command in '/media/luka/HDD/solo12/src/ftn_solo': DEBUGINFOD_URLS=https://debuginfod.ubuntu.com PS1=(solo_env) \[\e]0;\u@\h: \w\a\]${debian_chroot:+($debian_chroot)}\[\033[01;32m\]\u@\h\[\033[00m\]:\[\033[01;34m\]\w\[\033[00m\]\$ PYTHONPATH=/media/luka/HDD/solo12/src/ftn_solo/build/ftn_solo/prefix_override:/usr/lib/python3/dist-packages/colcon_core/task/python/colcon_distutils_commands:/media/luka/HDD/solo12/src/ftn_solo/install/ftn_solo/lib/python3.12/site-packages:${PYTHONPATH} /usr/bin/python3 -W ignore:setup.py install is deprecated setup.py egg_info --egg-base build/ftn_solo build --build-base /media/luka/HDD/solo12/src/ftn_solo/build/ftn_solo/build install --record /media/luka/HDD/solo12/src/ftn_solo/build/ftn_solo/install.log --single-version-externally-managed install_data
[2.558s] DEBUG:colcon.colcon_core.event_handler.log_command:Invoked command in '/media/luka/HDD/solo12/src/ftn_solo' returned '0': DEBUGINFOD_URLS=https://debuginfod.ubuntu.com PS1=(solo_env) \[\e]0;\u@\h: \w\a\]${debian_chroot:+($debian_chroot)}\[\033[01;32m\]\u@\h\[\033[00m\]:\[\033[01;34m\]\w\[\033[00m\]\$ PYTHONPATH=/media/luka/HDD/solo12/src/ftn_solo/build/ftn_solo/prefix_override:/usr/lib/python3/dist-packages/colcon_core/task/python/colcon_distutils_commands:/media/luka/HDD/solo12/src/ftn_solo/install/ftn_solo/lib/python3.12/site-packages:${PYTHONPATH} /usr/bin/python3 -W ignore:setup.py install is deprecated setup.py egg_info --egg-base build/ftn_solo build --build-base /media/luka/HDD/solo12/src/ftn_solo/build/ftn_solo/build install --record /media/luka/HDD/solo12/src/ftn_solo/build/ftn_solo/install.log --single-version-externally-managed install_data
[2.569s] Level 1:colcon.colcon_core.environment:checking '/media/luka/HDD/solo12/src/ftn_solo/install/ftn_solo' for CMake module files
[2.570s] Level 1:colcon.colcon_core.environment:checking '/media/luka/HDD/solo12/src/ftn_solo/install/ftn_solo' for CMake config files
[2.571s] Level 1:colcon.colcon_core.environment:checking '/media/luka/HDD/solo12/src/ftn_solo/install/ftn_solo/lib'
[2.571s] Level 1:colcon.colcon_core.environment:checking '/media/luka/HDD/solo12/src/ftn_solo/install/ftn_solo/bin'
[2.571s] Level 1:colcon.colcon_core.environment:checking '/media/luka/HDD/solo12/src/ftn_solo/install/ftn_solo/lib/pkgconfig/ftn_solo.pc'
[2.571s] Level 1:colcon.colcon_core.environment:checking '/media/luka/HDD/solo12/src/ftn_solo/install/ftn_solo/lib/python3.12/site-packages'
[2.571s] Level 1:colcon.colcon_core.shell:create_environment_hook('ftn_solo', 'pythonpath')
[2.572s] INFO:colcon.colcon_core.shell:Creating environment hook '/media/luka/HDD/solo12/src/ftn_solo/install/ftn_solo/share/ftn_solo/hook/pythonpath.ps1'
[2.572s] INFO:colcon.colcon_core.shell:Creating environment descriptor '/media/luka/HDD/solo12/src/ftn_solo/install/ftn_solo/share/ftn_solo/hook/pythonpath.dsv'
[2.572s] INFO:colcon.colcon_core.shell:Creating environment hook '/media/luka/HDD/solo12/src/ftn_solo/install/ftn_solo/share/ftn_solo/hook/pythonpath.sh'
[2.573s] Level 1:colcon.colcon_core.environment:checking '/media/luka/HDD/solo12/src/ftn_solo/install/ftn_solo/bin'
[2.573s] Level 1:colcon.colcon_core.environment:create_environment_scripts_only(ftn_solo)
[2.573s] INFO:colcon.colcon_core.shell:Creating package script '/media/luka/HDD/solo12/src/ftn_solo/install/ftn_solo/share/ftn_solo/package.ps1'
[2.574s] INFO:colcon.colcon_core.shell:Creating package descriptor '/media/luka/HDD/solo12/src/ftn_solo/install/ftn_solo/share/ftn_solo/package.dsv'
[2.575s] INFO:colcon.colcon_core.shell:Creating package script '/media/luka/HDD/solo12/src/ftn_solo/install/ftn_solo/share/ftn_solo/package.sh'
[2.576s] INFO:colcon.colcon_core.shell:Creating package script '/media/luka/HDD/solo12/src/ftn_solo/install/ftn_solo/share/ftn_solo/package.bash'
[2.577s] INFO:colcon.colcon_core.shell:Creating package script '/media/luka/HDD/solo12/src/ftn_solo/install/ftn_solo/share/ftn_solo/package.zsh'
[2.578s] Level 1:colcon.colcon_core.environment:create_file_with_runtime_dependencies(/media/luka/HDD/solo12/src/ftn_solo/install/ftn_solo/share/colcon-core/packages/ftn_solo)
[2.578s] DEBUG:colcon.colcon_parallel_executor.executor.parallel:closing loop
[2.579s] DEBUG:colcon.colcon_parallel_executor.executor.parallel:loop closed
[2.579s] DEBUG:colcon.colcon_parallel_executor.executor.parallel:run_until_complete finished with '0'
[2.579s] DEBUG:colcon.colcon_core.event_reactor:joining thread
[2.595s] INFO:colcon.colcon_core.plugin_system:Skipping extension 'colcon_notification.desktop_notification.terminal_notifier': Not used on non-Darwin systems
[2.595s] INFO:colcon.colcon_core.plugin_system:Skipping extension 'colcon_notification.desktop_notification.win32': Not used on non-Windows systems
[2.596s] INFO:colcon.colcon_notification.desktop_notification:Sending desktop notification using 'notify2'
[2.689s] DEBUG:colcon.colcon_core.event_reactor:joined thread
[2.690s] INFO:colcon.colcon_core.shell:Creating prefix script '/media/luka/HDD/solo12/src/ftn_solo/install/local_setup.ps1'
[2.692s] INFO:colcon.colcon_core.shell:Creating prefix util module '/media/luka/HDD/solo12/src/ftn_solo/install/_local_setup_util_ps1.py'
[2.694s] INFO:colcon.colcon_core.shell:Creating prefix chain script '/media/luka/HDD/solo12/src/ftn_solo/install/setup.ps1'
[2.695s] INFO:colcon.colcon_core.shell:Creating prefix script '/media/luka/HDD/solo12/src/ftn_solo/install/local_setup.sh'
[2.696s] INFO:colcon.colcon_core.shell:Creating prefix util module '/media/luka/HDD/solo12/src/ftn_solo/install/_local_setup_util_sh.py'
[2.697s] INFO:colcon.colcon_core.shell:Creating prefix chain script '/media/luka/HDD/solo12/src/ftn_solo/install/setup.sh'
[2.698s] INFO:colcon.colcon_core.shell:Creating prefix script '/media/luka/HDD/solo12/src/ftn_solo/install/local_setup.bash'
[2.699s] INFO:colcon.colcon_core.shell:Creating prefix chain script '/media/luka/HDD/solo12/src/ftn_solo/install/setup.bash'
[2.700s] INFO:colcon.colcon_core.shell:Creating prefix script '/media/luka/HDD/solo12/src/ftn_solo/install/local_setup.zsh'
[2.701s] INFO:colcon.colcon_core.shell:Creating prefix chain script '/media/luka/HDD/solo12/src/ftn_solo/install/setup.zsh'
